src/components/agenda/CalendarMonthView.tsx(3,1): error TS6133: 'ptBR' is declared but its value is never read.
src/components/agenda/CalendarMonthView.tsx(4,1): error TS6133: 'Badge' is declared but its value is never read.
src/components/agenda/CalendarMonthView.tsx(41,41): error TS6133: 'idx' is declared but its value is never read.
src/components/ui/DataGrid.tsx(3,30): error TS6133: 'ChevronsLeft' is declared but its value is never read.
src/components/ui/DataGrid.tsx(3,44): error TS6133: 'ChevronsRight' is declared but its value is never read.
src/components/ui/DataGrid.tsx(3,86): error TS6133: 'MoreHorizontal' is declared but its value is never read.
src/components/ui/DataGrid.tsx(3,102): error TS6133: 'Check' is declared but its value is never read.
src/components/ui/InlineTags.tsx(2,26): error TS6133: 'TagIcon' is declared but its value is never read.
src/components/ui/InlineTags.tsx(2,35): error TS6133: 'Check' is declared but its value is never read.
src/components/ui/InlineTags.tsx(5,1): error TS6133: 'clsx' is declared but its value is never read.
src/components/ui/select.tsx(2,20): error TS2307: Cannot find module '@/lib/utils' or its corresponding type declarations.
src/pages/atendimento/atendimento.tsx(11,3): error TS6133: 'CheckCheck' is declared but its value is never read.
src/pages/atendimento/atendimento.tsx(12,3): error TS6133: 'User' is declared but its value is never read.
src/pages/atendimento/atendimento.tsx(13,3): error TS6133: 'Gavel' is declared but its value is never read.
src/pages/atendimento/atendimento.tsx(14,3): error TS6133: 'FileText' is declared but its value is never read.
src/pages/atendimento/atendimento.tsx(15,3): error TS6133: 'Clock' is declared but its value is never read.
src/pages/atendimento/atendimento.tsx(27,3): error TS6133: 'Trash2' is declared but its value is never read.
src/pages/atendimento/atendimento.tsx(28,3): error TS6133: 'ExternalLink' is declared but its value is never read.
src/pages/atendimento/atendimento.tsx(30,3): error TS6133: 'Calendar' is declared but its value is never read.
src/pages/atendimento/atendimento.tsx(31,3): error TS6133: 'X' is declared but its value is never read.
src/pages/atendimento/atendimento.tsx(33,3): error TS6133: 'ChevronRight' is declared but its value is never read.
src/pages/atendimento/atendimento.tsx(36,1): error TS6133: 'Badge' is declared but its value is never read.
src/pages/atendimento/atendimento.tsx(137,9): error TS6133: 'navigate' is declared but its value is never read.
src/pages/atendimento/atendimento.tsx(158,10): error TS6133: 'showSchedulePicker' is declared but its value is never read.
src/pages/atendimento/atendimento.tsx(158,30): error TS6133: 'setShowSchedulePicker' is declared but its value is never read.
src/pages/atendimento/atendimento.tsx(168,24): error TS6133: 'socketConnected' is declared but its value is never read.
src/pages/atendimento/atendimento.tsx(508,74): error TS6133: 'm' is declared but its value is never read.
src/pages/atendimento/components/AudioRecorder.tsx(1,8): error TS6133: 'React' is declared but its value is never read.
src/pages/atendimento/components/AudioRecorder.tsx(2,10): error TS6133: 'Mic' is declared but its value is never read.
src/pages/atendimento/components/InfoPanel.tsx(4,3): error TS6133: 'User' is declared but its value is never read.
src/pages/atendimento/components/InfoPanel.tsx(5,3): error TS6133: 'MessageSquare' is declared but its value is never read.
src/pages/atendimento/components/InfoPanel.tsx(9,11): error TS6133: 'LinkIcon' is declared but its value is never read.
src/pages/atendimento/components/InfoPanel.tsx(13,1): error TS6133: 'clsx' is declared but its value is never read.
src/pages/atendimento/components/InfoPanel.tsx(28,3): error TS6133: 'onLinkProcess' is declared but its value is never read.
src/pages/atendimento/components/NewTicketModal.tsx(3,10): error TS6133: 'User' is declared but its value is never read.
src/pages/atendimento/components/NewTicketModal.tsx(3,33): error TS6133: 'Check' is declared but its value is never read.
src/pages/atendimento/components/NewTicketModal.tsx(3,40): error TS6133: 'CreditCard' is declared but its value is never read.
src/pages/atendimento/components/NewTicketModal.tsx(3,52): error TS6133: 'Mail' is declared but its value is never read.
src/pages/atendimento/components/NewTicketModal.tsx(3,58): error TS6133: 'Phone' is declared but its value is never read.
src/pages/atendimento/components/NewTicketModal.tsx(3,65): error TS6133: 'Instagram' is declared but its value is never read.
src/pages/atendimento/components/NewTicketModal.tsx(4,1): error TS6133: 'clsx' is declared but its value is never read.
src/pages/ChatPage.tsx(5,41): error TS6133: 'Check' is declared but its value is never read.
src/pages/ChatPage.tsx(6,27): error TS6133: 'MoreHorizontal' is declared but its value is never read.
src/pages/ChatPage.tsx(6,43): error TS6133: 'X' is declared but its value is never read.
src/pages/ChatPage.tsx(11,1): error TS6133: 'Badge' is declared but its value is never read.
src/pages/contacts/ContactForm.tsx(33,3): error TS2300: Duplicate identifier 'civilStatus'.
src/pages/contacts/ContactForm.tsx(34,3): error TS2300: Duplicate identifier 'civilStatus'.
src/pages/contacts/ContactForm.tsx(124,7): error TS6133: 'CATEGORIES' is declared but its value is never read.
src/pages/contacts/ContactForm.tsx(590,11): error TS2322: Type 'string | null' is not assignable to type 'string | undefined'.
  Type 'null' is not assignable to type 'string | undefined'.
src/pages/contacts/ContactForm.tsx(597,11): error TS2322: Type 'string | null' is not assignable to type 'string | undefined'.
  Type 'null' is not assignable to type 'string | undefined'.
src/pages/contacts/ContactForm.tsx(600,11): error TS2322: Type 'string | null' is not assignable to type 'string | undefined'.
  Type 'null' is not assignable to type 'string | undefined'.
src/pages/contacts/ContactList.tsx(260,13): error TS2322: Type '{ data: Contact[]; onSort: (key: string, direction: "asc" | "desc") => void; totalItems: number; isLoading: boolean; emptyMessage: string; columns: ({ key: string; label: string; sortable: true; render: (c: Contact) => Element; } | { ...; })[]; }' is not assignable to type 'IntrinsicAttributes & DataGridProps<Contact>'.
  Property 'emptyMessage' does not exist on type 'IntrinsicAttributes & DataGridProps<Contact>'.
src/pages/contacts/ImportContacts.tsx(4,37): error TS6133: 'X' is declared but its value is never read.
src/pages/contacts/ImportContacts.tsx(4,81): error TS6133: 'Save' is declared but its value is never read.
src/pages/contacts/ImportContacts.tsx(47,10): error TS6133: 'file' is declared but its value is never read.
src/pages/contacts/ImportContacts.tsx(75,13): error TS6133: 'headers' is declared but its value is never read.
src/pages/contacts/PJTab.tsx(2,75): error TS6133: 'Edit2' is declared but its value is never read.
src/pages/contacts/PJTab.tsx(4,1): error TS6133: 'masks' is declared but its value is never read.
src/pages/Documents.tsx(2,48): error TS6133: 'Eye' is declared but its value is never read.
src/pages/Financial.tsx(1,31): error TS6133: 'useCallback' is declared but its value is never read.
src/pages/Financial.tsx(6,3): error TS6133: 'Filter' is declared but its value is never read.
src/pages/Financial.tsx(10,3): error TS6133: 'CreditCard' is declared but its value is never read.
src/pages/Financial.tsx(15,3): error TS6133: 'Download' is declared but its value is never read.
src/pages/Financial.tsx(22,3): error TS6133: 'Tag' is declared but its value is never read.
src/pages/Financial.tsx(23,3): error TS6133: 'Split' is declared but its value is never read.
src/pages/Financial.tsx(233,10): error TS6133: 'showCategoryInput' is declared but its value is never read.
src/pages/Financial.tsx(297,9): error TS6133: 'handleAddSplit' is declared but its value is never read.
src/pages/Financial.tsx(313,9): error TS6133: 'handleRemoveSplit' is declared but its value is never read.
src/pages/Financial.tsx(319,9): error TS6133: 'splitsTotal' is declared but its value is never read.
src/pages/Financial.tsx(321,9): error TS6133: 'calculatePreviewFinal' is declared but its value is never read.
src/pages/Financial.tsx(334,9): error TS6133: 'handleCreateCategory' is declared but its value is never read.
src/pages/processes/ProcessParties.tsx(6,1): error TS6133: 'masks' is declared but its value is never read.
